<?xml version="1.0" encoding="UTF-8"?>
<testng-results skipped="0" failed="1" ignored="4" total="11" passed="6">
  <reporter-output>
  </reporter-output>
  <suite name="Suite" duration-ms="250" started-at="2019-09-17T16:29:35 PDT" finished-at="2019-09-17T16:29:35 PDT">
    <groups>
    </groups>
    <test name="Test" duration-ms="163" started-at="2019-09-17T16:29:35 PDT" finished-at="2019-09-17T16:29:35 PDT">
      <class name="test.basics">
        <test-method status="PASS" signature="prerequiste()[pri:0, instance:test.basics@370736d9]" name="prerequiste" is-config="true" duration-ms="19" started-at="2019-09-17T16:29:35 PDT" finished-at="2019-09-17T16:29:35 PDT">
          <reporter-output>
          </reporter-output>
        </test-method> <!-- prerequiste -->
        <test-method status="PASS" signature="demo(java.lang.String, java.lang.String)[pri:0, instance:test.basics@370736d9]" name="demo" duration-ms="12" started-at="2019-09-17T16:29:35 PDT" finished-at="2019-09-17T16:29:35 PDT">
          <params>
            <param index="0">
              <value>
                <![CDATA[qaclickacademy.com]]>
              </value>
            </param>
            <param index="1">
              <value>
                <![CDATA[12345]]>
              </value>
            </param>
          </params>
          <reporter-output>
          </reporter-output>
        </test-method> <!-- demo -->
        <test-method status="FAIL" signature="demo2()[pri:0, instance:test.basics@370736d9]" name="demo2" duration-ms="6" started-at="2019-09-17T16:29:35 PDT" finished-at="2019-09-17T16:29:35 PDT">
          <exception class="java.lang.AssertionError">
            <message>
              <![CDATA[did not expect to find [true] but found [false]]]>
            </message>
            <full-stacktrace>
              <![CDATA[java.lang.AssertionError: did not expect to find [true] but found [false]
at org.testng.Assert.fail(Assert.java:97)
at org.testng.Assert.failNotEquals(Assert.java:969)
at org.testng.Assert.assertTrue(Assert.java:43)
at org.testng.Assert.assertTrue(Assert.java:53)
at test.basics.demo2(basics.java:21)
at sun.reflect.NativeMethodAccessorImpl.invoke0(Native Method)
at sun.reflect.NativeMethodAccessorImpl.invoke(NativeMethodAccessorImpl.java:62)
at sun.reflect.DelegatingMethodAccessorImpl.invoke(DelegatingMethodAccessorImpl.java:43)
at java.lang.reflect.Method.invoke(Method.java:497)
at org.testng.internal.MethodInvocationHelper.invokeMethod(MethodInvocationHelper.java:133)
at org.testng.internal.TestInvoker.invokeMethod(TestInvoker.java:584)
at org.testng.internal.TestInvoker.invokeTestMethod(TestInvoker.java:172)
at org.testng.internal.MethodRunner.runInSequence(MethodRunner.java:46)
at org.testng.internal.TestInvoker$MethodInvocationAgent.invoke(TestInvoker.java:804)
at org.testng.internal.TestInvoker.invokeTestMethods(TestInvoker.java:145)
at org.testng.internal.TestMethodWorker.invokeTestMethods(TestMethodWorker.java:146)
at org.testng.internal.TestMethodWorker.run(TestMethodWorker.java:128)
at org.testng.TestRunner$$Lambda$48/438135304.accept(Unknown Source)
at java.util.ArrayList.forEach(ArrayList.java:1249)
at org.testng.TestRunner.privateRun(TestRunner.java:770)
at org.testng.TestRunner.run(TestRunner.java:591)
at org.testng.SuiteRunner.runTest(SuiteRunner.java:402)
at org.testng.SuiteRunner.runSequentially(SuiteRunner.java:396)
at org.testng.SuiteRunner.privateRun(SuiteRunner.java:355)
at org.testng.SuiteRunner.run(SuiteRunner.java:304)
at org.testng.SuiteRunnerWorker.runSuite(SuiteRunnerWorker.java:53)
at org.testng.SuiteRunnerWorker.run(SuiteRunnerWorker.java:96)
at org.testng.TestNG.runSuitesSequentially(TestNG.java:1180)
at org.testng.TestNG.runSuitesLocally(TestNG.java:1102)
at org.testng.TestNG.runSuites(TestNG.java:1032)
at org.testng.TestNG.run(TestNG.java:1000)
at org.testng.remote.AbstractRemoteTestNG.run(AbstractRemoteTestNG.java:115)
at org.testng.remote.RemoteTestNG.initAndRun(RemoteTestNG.java:251)
at org.testng.remote.RemoteTestNG.main(RemoteTestNG.java:77)
]]>
            </full-stacktrace>
          </exception> <!-- java.lang.AssertionError -->
          <reporter-output>
          </reporter-output>
        </test-method> <!-- demo2 -->
      </class> <!-- test.basics -->
      <class name="test.basic3">
        <test-method status="PASS" signature="carlogin()[pri:0, instance:test.basic3@5f9d02cb]" name="carlogin" duration-ms="3" started-at="2019-09-17T16:29:35 PDT" finished-at="2019-09-17T16:29:35 PDT">
          <reporter-output>
          </reporter-output>
        </test-method> <!-- carlogin -->
        <test-method status="PASS" signature="houselogin()[pri:0, instance:test.basic3@5f9d02cb]" name="houselogin" duration-ms="4" started-at="2019-09-17T16:29:35 PDT" finished-at="2019-09-17T16:29:35 PDT">
          <reporter-output>
          </reporter-output>
        </test-method> <!-- houselogin -->
        <test-method status="PASS" signature="loginAPI()[pri:0, instance:test.basic3@5f9d02cb]" name="loginAPI" duration-ms="3" started-at="2019-09-17T16:29:35 PDT" finished-at="2019-09-17T16:29:35 PDT">
          <reporter-output>
          </reporter-output>
        </test-method> <!-- loginAPI -->
        <test-method status="PASS" signature="exit()[pri:0, instance:test.basic3@5f9d02cb]" name="exit" is-config="true" duration-ms="3" started-at="2019-09-17T16:29:35 PDT" finished-at="2019-09-17T16:29:35 PDT">
          <reporter-output>
          </reporter-output>
        </test-method> <!-- exit -->
      </class> <!-- test.basic3 -->
    </test> <!-- Test -->
    <test name="WebLogin" duration-ms="22" started-at="2019-09-17T16:29:35 PDT" finished-at="2019-09-17T16:29:35 PDT">
      <class name="test.basic2">
        <test-method status="PASS" signature="login()[pri:0, instance:test.basic2@5c5a1b69]" name="login" duration-ms="3" started-at="2019-09-17T16:29:35 PDT" finished-at="2019-09-17T16:29:35 PDT">
          <reporter-output>
          </reporter-output>
        </test-method> <!-- login -->
        <test-method status="PASS" signature="loginAPI()[pri:0, instance:test.basic2@5c5a1b69]" name="loginAPI" duration-ms="2" started-at="2019-09-17T16:29:35 PDT" finished-at="2019-09-17T16:29:35 PDT">
          <reporter-output>
          </reporter-output>
        </test-method> <!-- loginAPI -->
      </class> <!-- test.basic2 -->
    </test> <!-- WebLogin -->
  </suite> <!-- Suite -->
</testng-results>
